CRITICAL - 2023-07-08 10:45:38 --> Undefined index: id
in APPPATH\Views\mahasiswa.php on line 29.
 1 APPPATH\Views\mahasiswa.php(29): CodeIgniter\Debug\Exceptions->errorHandler(8, 'Undefined index: id', 'C:\\xampp\\htdocs\\tugaswebprograming\\app\\Views\\mahasiswa.php', 29, [...])
 2 SYSTEMPATH\View\View.php(213): include('C:\\xampp\\htdocs\\tugaswebprograming\\app\\Views\\mahasiswa.php')
 3 SYSTEMPATH\View\View.php(216): CodeIgniter\View\View->CodeIgniter\View\{closure}()
 4 SYSTEMPATH\Common.php(1184): CodeIgniter\View\View->render('mahasiswa', [], true)
 5 APPPATH\Controllers\Admin.php(15): view('mahasiswa', [...])
 6 SYSTEMPATH\CodeIgniter.php(934): App\Controllers\Admin->mahasiswa()
 7 SYSTEMPATH\CodeIgniter.php(499): CodeIgniter\CodeIgniter->runController(Object(App\Controllers\Admin))
 8 SYSTEMPATH\CodeIgniter.php(368): CodeIgniter\CodeIgniter->handleRequest(null, Object(Config\Cache), false)
 9 FCPATH\index.php(67): CodeIgniter\CodeIgniter->run()
10 SYSTEMPATH\Commands\Server\rewrite.php(47): require_once('C:\\xampp\\htdocs\\tugaswebprograming\\public\\index.php')
ERROR - 2023-07-08 10:47:48 --> mysqli_sql_exception: Table 'universitas.dosen' doesn't exist in C:\xampp\htdocs\tugaswebprograming\system\Database\MySQLi\Connection.php:295
Stack trace:
#0 C:\xampp\htdocs\tugaswebprograming\system\Database\MySQLi\Connection.php(295): mysqli->query('SELECT *\nFROM `...', 0)
#1 C:\xampp\htdocs\tugaswebprograming\system\Database\BaseConnection.php(692): CodeIgniter\Database\MySQLi\Connection->execute('SELECT *\nFROM `...')
#2 C:\xampp\htdocs\tugaswebprograming\system\Database\BaseConnection.php(606): CodeIgniter\Database\BaseConnection->simpleQuery('SELECT *\nFROM `...')
#3 C:\xampp\htdocs\tugaswebprograming\system\Database\BaseBuilder.php(1616): CodeIgniter\Database\BaseConnection->query('SELECT *\nFROM `...', Array, false)
#4 C:\xampp\htdocs\tugaswebprograming\system\Model.php(241): CodeIgniter\Database\BaseBuilder->get()
#5 C:\xampp\htdocs\tugaswebprograming\system\BaseModel.php(618): CodeIgniter\Model->doFindAll(0, 0)
#6 C:\xampp\htdocs\tugaswebprograming\app\Controllers\Admin.php(21): CodeIgniter\BaseModel->findAll()
#7 C:\xampp\htdocs\tugaswebprograming\system\CodeIgniter.php(934): App\Controllers\Admin->dosen()
#8 C:\xampp\htdocs\tugaswebprograming\system\CodeIgniter.php(499): CodeIgniter\CodeIgniter->runController(Object(App\Controllers\Admin))
#9 C:\xampp\htdocs\tugaswebprograming\system\CodeIgniter.php(368): CodeIgniter\CodeIgniter->handleRequest(NULL, Object(Config\Cache), false)
#10 C:\xampp\htdocs\tugaswebprograming\public\index.php(67): CodeIgniter\CodeIgniter->run()
#11 C:\xampp\htdocs\tugaswebprograming\system\Commands\Server\rewrite.php(47): require_once('C:\\xampp\\htdocs...')
#12 {main}
CRITICAL - 2023-07-08 10:47:49 --> Table 'universitas.dosen' doesn't exist
in SYSTEMPATH\Database\MySQLi\Connection.php on line 295.
 1 SYSTEMPATH\Database\MySQLi\Connection.php(295): mysqli->query('SELECT *
FROM `dosen`', 0)
 2 SYSTEMPATH\Database\BaseConnection.php(692): CodeIgniter\Database\MySQLi\Connection->execute('SELECT *
FROM `dosen`')
 3 SYSTEMPATH\Database\BaseConnection.php(606): CodeIgniter\Database\BaseConnection->simpleQuery('SELECT *
FROM `dosen`')
 4 SYSTEMPATH\Database\BaseBuilder.php(1616): CodeIgniter\Database\BaseConnection->query('SELECT *
FROM `dosen`', [], false)
 5 SYSTEMPATH\Model.php(241): CodeIgniter\Database\BaseBuilder->get()
 6 SYSTEMPATH\BaseModel.php(618): CodeIgniter\Model->doFindAll(0, 0)
 7 APPPATH\Controllers\Admin.php(21): CodeIgniter\BaseModel->findAll()
 8 SYSTEMPATH\CodeIgniter.php(934): App\Controllers\Admin->dosen()
 9 SYSTEMPATH\CodeIgniter.php(499): CodeIgniter\CodeIgniter->runController(Object(App\Controllers\Admin))
10 SYSTEMPATH\CodeIgniter.php(368): CodeIgniter\CodeIgniter->handleRequest(null, Object(Config\Cache), false)
11 FCPATH\index.php(67): CodeIgniter\CodeIgniter->run()
12 SYSTEMPATH\Commands\Server\rewrite.php(47): require_once('C:\\xampp\\htdocs\\tugaswebprograming\\public\\index.php')
CRITICAL - 2023-07-08 11:13:35 --> Undefined index: id
in APPPATH\Views\mahasiswa.php on line 29.
 1 APPPATH\Views\mahasiswa.php(29): CodeIgniter\Debug\Exceptions->errorHandler(8, 'Undefined index: id', 'C:\\xampp\\htdocs\\tugaswebprograming\\app\\Views\\mahasiswa.php', 29, [...])
 2 SYSTEMPATH\View\View.php(213): include('C:\\xampp\\htdocs\\tugaswebprograming\\app\\Views\\mahasiswa.php')
 3 SYSTEMPATH\View\View.php(216): CodeIgniter\View\View->CodeIgniter\View\{closure}()
 4 SYSTEMPATH\Common.php(1184): CodeIgniter\View\View->render('mahasiswa', [], true)
 5 APPPATH\Controllers\Admin.php(15): view('mahasiswa', [...])
 6 SYSTEMPATH\CodeIgniter.php(934): App\Controllers\Admin->mahasiswa()
 7 SYSTEMPATH\CodeIgniter.php(499): CodeIgniter\CodeIgniter->runController(Object(App\Controllers\Admin))
 8 SYSTEMPATH\CodeIgniter.php(368): CodeIgniter\CodeIgniter->handleRequest(null, Object(Config\Cache), false)
 9 FCPATH\index.php(67): CodeIgniter\CodeIgniter->run()
10 SYSTEMPATH\Commands\Server\rewrite.php(47): require_once('C:\\xampp\\htdocs\\tugaswebprograming\\public\\index.php')
ERROR - 2023-07-08 11:14:35 --> mysqli_sql_exception: Table 'universitas.dosen' doesn't exist in C:\xampp\htdocs\tugaswebprograming\system\Database\MySQLi\Connection.php:295
Stack trace:
#0 C:\xampp\htdocs\tugaswebprograming\system\Database\MySQLi\Connection.php(295): mysqli->query('SELECT *\nFROM `...', 0)
#1 C:\xampp\htdocs\tugaswebprograming\system\Database\BaseConnection.php(692): CodeIgniter\Database\MySQLi\Connection->execute('SELECT *\nFROM `...')
#2 C:\xampp\htdocs\tugaswebprograming\system\Database\BaseConnection.php(606): CodeIgniter\Database\BaseConnection->simpleQuery('SELECT *\nFROM `...')
#3 C:\xampp\htdocs\tugaswebprograming\system\Database\BaseBuilder.php(1616): CodeIgniter\Database\BaseConnection->query('SELECT *\nFROM `...', Array, false)
#4 C:\xampp\htdocs\tugaswebprograming\system\Model.php(241): CodeIgniter\Database\BaseBuilder->get()
#5 C:\xampp\htdocs\tugaswebprograming\system\BaseModel.php(618): CodeIgniter\Model->doFindAll(0, 0)
#6 C:\xampp\htdocs\tugaswebprograming\app\Controllers\Admin.php(21): CodeIgniter\BaseModel->findAll()
#7 C:\xampp\htdocs\tugaswebprograming\system\CodeIgniter.php(934): App\Controllers\Admin->dosen()
#8 C:\xampp\htdocs\tugaswebprograming\system\CodeIgniter.php(499): CodeIgniter\CodeIgniter->runController(Object(App\Controllers\Admin))
#9 C:\xampp\htdocs\tugaswebprograming\system\CodeIgniter.php(368): CodeIgniter\CodeIgniter->handleRequest(NULL, Object(Config\Cache), false)
#10 C:\xampp\htdocs\tugaswebprograming\public\index.php(67): CodeIgniter\CodeIgniter->run()
#11 C:\xampp\htdocs\tugaswebprograming\system\Commands\Server\rewrite.php(47): require_once('C:\\xampp\\htdocs...')
#12 {main}
CRITICAL - 2023-07-08 11:14:35 --> Table 'universitas.dosen' doesn't exist
in SYSTEMPATH\Database\MySQLi\Connection.php on line 295.
 1 SYSTEMPATH\Database\MySQLi\Connection.php(295): mysqli->query('SELECT *
FROM `dosen`', 0)
 2 SYSTEMPATH\Database\BaseConnection.php(692): CodeIgniter\Database\MySQLi\Connection->execute('SELECT *
FROM `dosen`')
 3 SYSTEMPATH\Database\BaseConnection.php(606): CodeIgniter\Database\BaseConnection->simpleQuery('SELECT *
FROM `dosen`')
 4 SYSTEMPATH\Database\BaseBuilder.php(1616): CodeIgniter\Database\BaseConnection->query('SELECT *
FROM `dosen`', [], false)
 5 SYSTEMPATH\Model.php(241): CodeIgniter\Database\BaseBuilder->get()
 6 SYSTEMPATH\BaseModel.php(618): CodeIgniter\Model->doFindAll(0, 0)
 7 APPPATH\Controllers\Admin.php(21): CodeIgniter\BaseModel->findAll()
 8 SYSTEMPATH\CodeIgniter.php(934): App\Controllers\Admin->dosen()
 9 SYSTEMPATH\CodeIgniter.php(499): CodeIgniter\CodeIgniter->runController(Object(App\Controllers\Admin))
10 SYSTEMPATH\CodeIgniter.php(368): CodeIgniter\CodeIgniter->handleRequest(null, Object(Config\Cache), false)
11 FCPATH\index.php(67): CodeIgniter\CodeIgniter->run()
12 SYSTEMPATH\Commands\Server\rewrite.php(47): require_once('C:\\xampp\\htdocs\\tugaswebprograming\\public\\index.php')
ERROR - 2023-07-08 11:23:02 --> mysqli_sql_exception: Table 'universitas.dosen' doesn't exist in C:\xampp\htdocs\tugaswebprograming\system\Database\MySQLi\Connection.php:295
Stack trace:
#0 C:\xampp\htdocs\tugaswebprograming\system\Database\MySQLi\Connection.php(295): mysqli->query('SELECT *\nFROM `...', 0)
#1 C:\xampp\htdocs\tugaswebprograming\system\Database\BaseConnection.php(692): CodeIgniter\Database\MySQLi\Connection->execute('SELECT *\nFROM `...')
#2 C:\xampp\htdocs\tugaswebprograming\system\Database\BaseConnection.php(606): CodeIgniter\Database\BaseConnection->simpleQuery('SELECT *\nFROM `...')
#3 C:\xampp\htdocs\tugaswebprograming\system\Database\BaseBuilder.php(1616): CodeIgniter\Database\BaseConnection->query('SELECT *\nFROM `...', Array, false)
#4 C:\xampp\htdocs\tugaswebprograming\system\Model.php(241): CodeIgniter\Database\BaseBuilder->get()
#5 C:\xampp\htdocs\tugaswebprograming\system\BaseModel.php(618): CodeIgniter\Model->doFindAll(0, 0)
#6 C:\xampp\htdocs\tugaswebprograming\app\Controllers\Admin.php(21): CodeIgniter\BaseModel->findAll()
#7 C:\xampp\htdocs\tugaswebprograming\system\CodeIgniter.php(934): App\Controllers\Admin->dosen()
#8 C:\xampp\htdocs\tugaswebprograming\system\CodeIgniter.php(499): CodeIgniter\CodeIgniter->runController(Object(App\Controllers\Admin))
#9 C:\xampp\htdocs\tugaswebprograming\system\CodeIgniter.php(368): CodeIgniter\CodeIgniter->handleRequest(NULL, Object(Config\Cache), false)
#10 C:\xampp\htdocs\tugaswebprograming\public\index.php(67): CodeIgniter\CodeIgniter->run()
#11 C:\xampp\htdocs\tugaswebprograming\system\Commands\Server\rewrite.php(47): require_once('C:\\xampp\\htdocs...')
#12 {main}
CRITICAL - 2023-07-08 11:23:02 --> Table 'universitas.dosen' doesn't exist
in SYSTEMPATH\Database\MySQLi\Connection.php on line 295.
 1 SYSTEMPATH\Database\MySQLi\Connection.php(295): mysqli->query('SELECT *
FROM `dosen`', 0)
 2 SYSTEMPATH\Database\BaseConnection.php(692): CodeIgniter\Database\MySQLi\Connection->execute('SELECT *
FROM `dosen`')
 3 SYSTEMPATH\Database\BaseConnection.php(606): CodeIgniter\Database\BaseConnection->simpleQuery('SELECT *
FROM `dosen`')
 4 SYSTEMPATH\Database\BaseBuilder.php(1616): CodeIgniter\Database\BaseConnection->query('SELECT *
FROM `dosen`', [], false)
 5 SYSTEMPATH\Model.php(241): CodeIgniter\Database\BaseBuilder->get()
 6 SYSTEMPATH\BaseModel.php(618): CodeIgniter\Model->doFindAll(0, 0)
 7 APPPATH\Controllers\Admin.php(21): CodeIgniter\BaseModel->findAll()
 8 SYSTEMPATH\CodeIgniter.php(934): App\Controllers\Admin->dosen()
 9 SYSTEMPATH\CodeIgniter.php(499): CodeIgniter\CodeIgniter->runController(Object(App\Controllers\Admin))
10 SYSTEMPATH\CodeIgniter.php(368): CodeIgniter\CodeIgniter->handleRequest(null, Object(Config\Cache), false)
11 FCPATH\index.php(67): CodeIgniter\CodeIgniter->run()
12 SYSTEMPATH\Commands\Server\rewrite.php(47): require_once('C:\\xampp\\htdocs\\tugaswebprograming\\public\\index.php')
