CRITICAL - 2023-07-26 02:19:27 --> Undefined variable: data
in APPPATH\Views\pemain.php on line 39.
 1 APPPATH\Views\pemain.php(39): CodeIgniter\Debug\Exceptions->errorHandler(8, 'Undefined variable: data', 'C:\\xampp\\htdocs\\tugaswebprograming\\app\\Views\\pemain.php', 39, [...])
 2 SYSTEMPATH\View\View.php(213): include('C:\\xampp\\htdocs\\tugaswebprograming\\app\\Views\\pemain.php')
 3 SYSTEMPATH\View\View.php(216): CodeIgniter\View\View->CodeIgniter\View\{closure}()
 4 SYSTEMPATH\Common.php(1184): CodeIgniter\View\View->render('pemain', [], true)
 5 APPPATH\Controllers\Admin.php(15): view('pemain', [...])
 6 SYSTEMPATH\CodeIgniter.php(934): App\Controllers\Admin->pemain()
 7 SYSTEMPATH\CodeIgniter.php(499): CodeIgniter\CodeIgniter->runController(Object(App\Controllers\Admin))
 8 SYSTEMPATH\CodeIgniter.php(368): CodeIgniter\CodeIgniter->handleRequest(null, Object(Config\Cache), false)
 9 FCPATH\index.php(67): CodeIgniter\CodeIgniter->run()
10 SYSTEMPATH\Commands\Server\rewrite.php(47): require_once('C:\\xampp\\htdocs\\tugaswebprograming\\public\\index.php')
CRITICAL - 2023-07-26 02:20:40 --> Undefined variable: data
in APPPATH\Views\pemain.php on line 41.
 1 APPPATH\Views\pemain.php(41): CodeIgniter\Debug\Exceptions->errorHandler(8, 'Undefined variable: data', 'C:\\xampp\\htdocs\\tugaswebprograming\\app\\Views\\pemain.php', 41, [...])
 2 SYSTEMPATH\View\View.php(213): include('C:\\xampp\\htdocs\\tugaswebprograming\\app\\Views\\pemain.php')
 3 SYSTEMPATH\View\View.php(216): CodeIgniter\View\View->CodeIgniter\View\{closure}()
 4 SYSTEMPATH\Common.php(1184): CodeIgniter\View\View->render('pemain', [], true)
 5 APPPATH\Controllers\Admin.php(15): view('pemain', [...])
 6 SYSTEMPATH\CodeIgniter.php(934): App\Controllers\Admin->pemain()
 7 SYSTEMPATH\CodeIgniter.php(499): CodeIgniter\CodeIgniter->runController(Object(App\Controllers\Admin))
 8 SYSTEMPATH\CodeIgniter.php(368): CodeIgniter\CodeIgniter->handleRequest(null, Object(Config\Cache), false)
 9 FCPATH\index.php(67): CodeIgniter\CodeIgniter->run()
10 SYSTEMPATH\Commands\Server\rewrite.php(47): require_once('C:\\xampp\\htdocs\\tugaswebprograming\\public\\index.php')
CRITICAL - 2023-07-26 08:53:19 --> Undefined variable: data
in APPPATH\Views\pemain.php on line 41.
 1 APPPATH\Views\pemain.php(41): CodeIgniter\Debug\Exceptions->errorHandler(8, 'Undefined variable: data', 'C:\\xampp\\htdocs\\tugaswebprograming\\app\\Views\\pemain.php', 41, [...])
 2 SYSTEMPATH\View\View.php(213): include('C:\\xampp\\htdocs\\tugaswebprograming\\app\\Views\\pemain.php')
 3 SYSTEMPATH\View\View.php(216): CodeIgniter\View\View->CodeIgniter\View\{closure}()
 4 SYSTEMPATH\Common.php(1184): CodeIgniter\View\View->render('pemain', [], true)
 5 APPPATH\Controllers\Admin.php(15): view('pemain', [...])
 6 SYSTEMPATH\CodeIgniter.php(934): App\Controllers\Admin->pemain()
 7 SYSTEMPATH\CodeIgniter.php(499): CodeIgniter\CodeIgniter->runController(Object(App\Controllers\Admin))
 8 SYSTEMPATH\CodeIgniter.php(368): CodeIgniter\CodeIgniter->handleRequest(null, Object(Config\Cache), false)
 9 FCPATH\index.php(67): CodeIgniter\CodeIgniter->run()
10 SYSTEMPATH\Commands\Server\rewrite.php(47): require_once('C:\\xampp\\htdocs\\tugaswebprograming\\public\\index.php')
