CRITICAL - 2023-07-25 14:53:15 --> Undefined variable: a
in APPPATH\Views\pemain.php on line 67.
 1 APPPATH\Views\pemain.php(67): CodeIgniter\Debug\Exceptions->errorHandler(8, 'Undefined variable: a', 'C:\\xampp\\htdocs\\tugaswebprograming\\app\\Views\\pemain.php', 67, [...])
 2 SYSTEMPATH\View\View.php(213): include('C:\\xampp\\htdocs\\tugaswebprograming\\app\\Views\\pemain.php')
 3 SYSTEMPATH\View\View.php(216): CodeIgniter\View\View->CodeIgniter\View\{closure}()
 4 SYSTEMPATH\Common.php(1184): CodeIgniter\View\View->render('pemain', [], true)
 5 APPPATH\Controllers\Admin.php(15): view('pemain', [...])
 6 SYSTEMPATH\CodeIgniter.php(934): App\Controllers\Admin->pemain()
 7 SYSTEMPATH\CodeIgniter.php(499): CodeIgniter\CodeIgniter->runController(Object(App\Controllers\Admin))
 8 SYSTEMPATH\CodeIgniter.php(368): CodeIgniter\CodeIgniter->handleRequest(null, Object(Config\Cache), false)
 9 FCPATH\index.php(67): CodeIgniter\CodeIgniter->run()
10 SYSTEMPATH\Commands\Server\rewrite.php(47): require_once('C:\\xampp\\htdocs\\tugaswebprograming\\public\\index.php')
CRITICAL - 2023-07-25 23:22:59 --> Trying to access array offset on value of type null
in APPPATH\Views\edit_pemain.php on line 12.
 1 APPPATH\Views\edit_pemain.php(12): CodeIgniter\Debug\Exceptions->errorHandler(8, 'Trying to access array offset on value of type null', 'C:\\xampp\\htdocs\\tugaswebprograming\\app\\Views\\edit_pemain.php', 12, [...])
 2 SYSTEMPATH\View\View.php(213): include('C:\\xampp\\htdocs\\tugaswebprograming\\app\\Views\\edit_pemain.php')
 3 SYSTEMPATH\View\View.php(216): CodeIgniter\View\View->CodeIgniter\View\{closure}()
 4 SYSTEMPATH\Common.php(1184): CodeIgniter\View\View->render('edit_pemain', [], true)
 5 APPPATH\Controllers\Admin.php(49): view('edit_pemain', [...])
 6 SYSTEMPATH\CodeIgniter.php(934): App\Controllers\Admin->editPemain('3')
 7 SYSTEMPATH\CodeIgniter.php(499): CodeIgniter\CodeIgniter->runController(Object(App\Controllers\Admin))
 8 SYSTEMPATH\CodeIgniter.php(368): CodeIgniter\CodeIgniter->handleRequest(null, Object(Config\Cache), false)
 9 FCPATH\index.php(67): CodeIgniter\CodeIgniter->run()
10 SYSTEMPATH\Commands\Server\rewrite.php(47): require_once('C:\\xampp\\htdocs\\tugaswebprograming\\public\\index.php')
CRITICAL - 2023-07-25 23:23:03 --> Trying to access array offset on value of type null
in APPPATH\Views\edit_pemain.php on line 12.
 1 APPPATH\Views\edit_pemain.php(12): CodeIgniter\Debug\Exceptions->errorHandler(8, 'Trying to access array offset on value of type null', 'C:\\xampp\\htdocs\\tugaswebprograming\\app\\Views\\edit_pemain.php', 12, [...])
 2 SYSTEMPATH\View\View.php(213): include('C:\\xampp\\htdocs\\tugaswebprograming\\app\\Views\\edit_pemain.php')
 3 SYSTEMPATH\View\View.php(216): CodeIgniter\View\View->CodeIgniter\View\{closure}()
 4 SYSTEMPATH\Common.php(1184): CodeIgniter\View\View->render('edit_pemain', [], true)
 5 APPPATH\Controllers\Admin.php(49): view('edit_pemain', [...])
 6 SYSTEMPATH\CodeIgniter.php(934): App\Controllers\Admin->editPemain('3')
 7 SYSTEMPATH\CodeIgniter.php(499): CodeIgniter\CodeIgniter->runController(Object(App\Controllers\Admin))
 8 SYSTEMPATH\CodeIgniter.php(368): CodeIgniter\CodeIgniter->handleRequest(null, Object(Config\Cache), false)
 9 FCPATH\index.php(67): CodeIgniter\CodeIgniter->run()
10 SYSTEMPATH\Commands\Server\rewrite.php(47): require_once('C:\\xampp\\htdocs\\tugaswebprograming\\public\\index.php')
